c:\users\kpete\source\repos\clicktofront\clicktofront\x64\debug\vc141.pdb
c:\users\kpete\source\repos\clicktofront\clicktofront\x64\debug\vc141.idb
c:\users\kpete\source\repos\clicktofront\clicktofront\x64\debug\focuscontrol.obj
c:\users\kpete\source\repos\clicktofront\clicktofront\x64\debug\clicktofront.obj
c:\users\kpete\source\repos\clicktofront\clicktofront\x64\debug\clicktofront.pch
c:\users\kpete\source\repos\clicktofront\clicktofront\x64\debug\stdafx.obj
c:\users\kpete\source\repos\clicktofront\clicktofront\x64\debug\trayicon.obj
c:\users\kpete\source\repos\clicktofront\x64\debug\clicktofront.exe
c:\users\kpete\source\repos\clicktofront\x64\debug\clicktofront.ilk
c:\users\kpete\source\repos\clicktofront\x64\debug\clicktofront.pdb
c:\users\kpete\source\repos\clicktofront\clicktofront\x64\debug\resource.res
c:\users\kpete\source\repos\clicktofront\clicktofront\x64\debug\clicktofront.tlog\cl.command.1.tlog
c:\users\kpete\source\repos\clicktofront\clicktofront\x64\debug\clicktofront.tlog\cl.read.1.tlog
c:\users\kpete\source\repos\clicktofront\clicktofront\x64\debug\clicktofront.tlog\cl.write.1.tlog
c:\users\kpete\source\repos\clicktofront\clicktofront\x64\debug\clicktofront.tlog\link.command.1.tlog
c:\users\kpete\source\repos\clicktofront\clicktofront\x64\debug\clicktofront.tlog\link.read.1.tlog
c:\users\kpete\source\repos\clicktofront\clicktofront\x64\debug\clicktofront.tlog\link.write.1.tlog
c:\users\kpete\source\repos\clicktofront\clicktofront\x64\debug\clicktofront.tlog\rc.command.1.tlog
c:\users\kpete\source\repos\clicktofront\clicktofront\x64\debug\clicktofront.tlog\rc.read.1.tlog
c:\users\kpete\source\repos\clicktofront\clicktofront\x64\debug\clicktofront.tlog\rc.write.1.tlog
