c:\users\kpete\source\repos\clicktofront\clicktofront\x64\release\vc141.pdb
c:\users\kpete\source\repos\clicktofront\clicktofront\x64\release\focuscontrol.obj
c:\users\kpete\source\repos\clicktofront\clicktofront\x64\release\clicktofront.obj
c:\users\kpete\source\repos\clicktofront\clicktofront\x64\release\trayicon.obj
c:\users\kpete\source\repos\clicktofront\clicktofront\x64\release\clicktofront.pch
c:\users\kpete\source\repos\clicktofront\clicktofront\x64\release\stdafx.obj
c:\users\kpete\source\repos\clicktofront\x64\release\clicktofront.ipdb
c:\users\kpete\source\repos\clicktofront\x64\release\clicktofront.iobj
c:\users\kpete\source\repos\clicktofront\x64\release\clicktofront.exe
c:\users\kpete\source\repos\clicktofront\x64\release\clicktofront.pdb
c:\users\kpete\source\repos\clicktofront\clicktofront\x64\release\resource.res
c:\users\kpete\source\repos\clicktofront\clicktofront\x64\release\clicktofront.tlog\cl.command.1.tlog
c:\users\kpete\source\repos\clicktofront\clicktofront\x64\release\clicktofront.tlog\cl.read.1.tlog
c:\users\kpete\source\repos\clicktofront\clicktofront\x64\release\clicktofront.tlog\cl.write.1.tlog
c:\users\kpete\source\repos\clicktofront\clicktofront\x64\release\clicktofront.tlog\clicktofront.write.1u.tlog
c:\users\kpete\source\repos\clicktofront\clicktofront\x64\release\clicktofront.tlog\link.command.1.tlog
c:\users\kpete\source\repos\clicktofront\clicktofront\x64\release\clicktofront.tlog\link.read.1.tlog
c:\users\kpete\source\repos\clicktofront\clicktofront\x64\release\clicktofront.tlog\link.write.1.tlog
c:\users\kpete\source\repos\clicktofront\clicktofront\x64\release\clicktofront.tlog\rc.command.1.tlog
c:\users\kpete\source\repos\clicktofront\clicktofront\x64\release\clicktofront.tlog\rc.read.1.tlog
c:\users\kpete\source\repos\clicktofront\clicktofront\x64\release\clicktofront.tlog\rc.write.1.tlog
